# JRE version: Java(TM) SE Runtime Environment (12.0.2+10) (build 12.0.2+10)
# Java VM: Java HotSpot(TM) 64-Bit Server VM (12.0.2+10, mixed mode, sharing, tiered, compressed oops, g1 gc, windows-amd64)
Heap:
 garbage-first heap   total 92160K, used 65900K [0x0000000080000000, 0x0000000100000000)
  region size 1024K, 18 young (18432K), 3 survivors (3072K)
 Metaspace       used 45614K, capacity 46789K, committed 46972K, reserved 1089536K
  class space    used 6096K, capacity 6488K, committed 6604K, reserved 1048576K
GC Heap History (10 events):
Event: 45.266 GC heap before
{Heap before GC invocations=27 (full 0):
 garbage-first heap   total 80896K, used 58520K [0x0000000080000000, 0x0000000100000000)
  region size 1024K, 13 young (13312K), 2 survivors (2048K)
 Metaspace       used 36126K, capacity 37264K, committed 37500K, reserved 1081344K
  class space    used 4948K, capacity 5279K, committed 5324K, reserved 1048576K
}
Event: 45.281 GC heap after
{Heap after GC invocations=28 (full 0):
 garbage-first heap   total 80896K, used 48881K [0x0000000080000000, 0x0000000100000000)
  region size 1024K, 1 young (1024K), 1 survivors (1024K)
 Metaspace       used 36126K, capacity 37264K, committed 37500K, reserved 1081344K
  class space    used 4948K, capacity 5279K, committed 5324K, reserved 1048576K
}
Event: 47.085 GC heap before
{Heap before GC invocations=29 (full 0):
 garbage-first heap   total 86016K, used 59121K [0x0000000080000000, 0x0000000100000000)
  region size 1024K, 12 young (12288K), 1 survivors (1024K)
 Metaspace       used 38621K, capacity 39757K, committed 39932K, reserved 1083392K
  class space    used 5255K, capacity 5598K, committed 5708K, reserved 1048576K
}
Event: 47.089 GC heap after
{Heap after GC invocations=30 (full 0):
 garbage-first heap   total 86016K, used 49562K [0x0000000080000000, 0x0000000100000000)
  region size 1024K, 2 young (2048K), 2 survivors (2048K)
 Metaspace       used 38621K, capacity 39757K, committed 39932K, reserved 1083392K
  class space    used 5255K, capacity 5598K, committed 5708K, reserved 1048576K
}
Event: 47.858 GC heap before
{Heap before GC invocations=30 (full 0):
 garbage-first heap   total 86016K, used 61850K [0x0000000080000000, 0x0000000100000000)
  region size 1024K, 15 young (15360K), 2 survivors (2048K)
 Metaspace       used 40843K, capacity 42011K, committed 42236K, reserved 1085440K
  class space    used 5471K, capacity 5859K, committed 5964K, reserved 1048576K
}
Event: 47.868 GC heap after
{Heap after GC invocations=31 (full 0):
 garbage-first heap   total 86016K, used 49946K [0x0000000080000000, 0x0000000100000000)
  region size 1024K, 2 young (2048K), 2 survivors (2048K)
 Metaspace       used 40843K, capacity 42011K, committed 42236K, reserved 1085440K
  class space    used 5471K, capacity 5859K, committed 5964K, reserved 1048576K
}
Event: 49.965 GC heap before
{Heap before GC invocations=32 (full 0):
 garbage-first heap   total 89088K, used 64282K [0x0000000080000000, 0x0000000100000000)
  region size 1024K, 16 young (16384K), 2 survivors (2048K)
 Metaspace       used 42455K, capacity 43574K, committed 43772K, reserved 1087488K
  class space    used 5723K, capacity 6128K, committed 6220K, reserved 1048576K
}
Event: 49.971 GC heap after
{Heap after GC invocations=33 (full 0):
 garbage-first heap   total 89088K, used 50551K [0x0000000080000000, 0x0000000100000000)
  region size 1024K, 2 young (2048K), 2 survivors (2048K)
 Metaspace       used 42455K, capacity 43574K, committed 43772K, reserved 1087488K
  class space    used 5723K, capacity 6128K, committed 6220K, reserved 1048576K
}
Event: 50.615 GC heap before
{Heap before GC invocations=33 (full 0):
 garbage-first heap   total 89088K, used 65911K [0x0000000080000000, 0x0000000100000000)
  region size 1024K, 18 young (18432K), 2 survivors (2048K)
 Metaspace       used 44025K, capacity 45145K, committed 45436K, reserved 1089536K
  class space    used 5888K, capacity 6289K, committed 6348K, reserved 1048576K
}
Event: 50.621 GC heap after
{Heap after GC invocations=34 (full 0):
 garbage-first heap   total 89088K, used 52588K [0x0000000080000000, 0x0000000100000000)
  region size 1024K, 3 young (3072K), 3 survivors (3072K)
 Metaspace       used 44025K, capacity 45145K, committed 45436K, reserved 1089536K
  class space    used 5888K, capacity 6289K, committed 6348K, reserved 1048576K
}

