# JRE version: Java(TM) SE Runtime Environment (12.0.2+10) (build 12.0.2+10)
# Java VM: Java HotSpot(TM) 64-Bit Server VM (12.0.2+10, mixed mode, sharing, tiered, compressed oops, g1 gc, windows-amd64)
Heap:
 garbage-first heap   total 112640K, used 64829K [0x0000000080000000, 0x0000000100000000)
  region size 1024K, 7 young (7168K), 3 survivors (3072K)
 Metaspace       used 58464K, capacity 60051K, committed 60412K, reserved 1101824K
  class space    used 7928K, capacity 8416K, committed 8524K, reserved 1048576K
GC Heap History (10 events):
Event: 47.852 GC heap before
{Heap before GC invocations=34 (full 0):
 garbage-first heap   total 97280K, used 73433K [0x0000000080000000, 0x0000000100000000)
  region size 1024K, 21 young (21504K), 3 survivors (3072K)
 Metaspace       used 49507K, capacity 50783K, committed 50940K, reserved 1093632K
  class space    used 6554K, capacity 6971K, committed 6988K, reserved 1048576K
}
Event: 47.871 GC heap after
{Heap after GC invocations=35 (full 0):
 garbage-first heap   total 97280K, used 57151K [0x0000000080000000, 0x0000000100000000)
  region size 1024K, 3 young (3072K), 3 survivors (3072K)
 Metaspace       used 49507K, capacity 50783K, committed 50940K, reserved 1093632K
  class space    used 6554K, capacity 6971K, committed 6988K, reserved 1048576K
}
Event: 49.263 GC heap before
{Heap before GC invocations=36 (full 0):
 garbage-first heap   total 97280K, used 75583K [0x0000000080000000, 0x0000000100000000)
  region size 1024K, 21 young (21504K), 3 survivors (3072K)
 Metaspace       used 52563K, capacity 53969K, committed 54140K, reserved 1095680K
  class space    used 7046K, capacity 7507K, committed 7628K, reserved 1048576K
}
Event: 49.279 GC heap after
{Heap after GC invocations=37 (full 0):
 garbage-first heap   total 97280K, used 58449K [0x0000000080000000, 0x0000000100000000)
  region size 1024K, 2 young (2048K), 2 survivors (2048K)
 Metaspace       used 52563K, capacity 53969K, committed 54140K, reserved 1095680K
  class space    used 7046K, capacity 7507K, committed 7628K, reserved 1048576K
}
Event: 50.603 GC heap before
{Heap before GC invocations=37 (full 0):
 garbage-first heap   total 97280K, used 76881K [0x0000000080000000, 0x0000000100000000)
  region size 1024K, 20 young (20480K), 2 survivors (2048K)
 Metaspace       used 54300K, capacity 55744K, committed 55932K, reserved 1097728K
  class space    used 7288K, capacity 7768K, committed 7884K, reserved 1048576K
}
Event: 50.613 GC heap after
{Heap after GC invocations=38 (full 0):
 garbage-first heap   total 97280K, used 59498K [0x0000000080000000, 0x0000000100000000)
  region size 1024K, 3 young (3072K), 3 survivors (3072K)
 Metaspace       used 54300K, capacity 55744K, committed 55932K, reserved 1097728K
  class space    used 7288K, capacity 7768K, committed 7884K, reserved 1048576K
}
Event: 51.557 GC heap before
{Heap before GC invocations=39 (full 0):
 garbage-first heap   total 102400K, used 77930K [0x0000000080000000, 0x0000000100000000)
  region size 1024K, 21 young (21504K), 3 survivors (3072K)
 Metaspace       used 56132K, capacity 57559K, committed 57724K, reserved 1099776K
  class space    used 7615K, capacity 8092K, committed 8140K, reserved 1048576K
}
Event: 51.578 GC heap after
{Heap after GC invocations=40 (full 0):
 garbage-first heap   total 102400K, used 60182K [0x0000000080000000, 0x0000000100000000)
  region size 1024K, 2 young (2048K), 2 survivors (2048K)
 Metaspace       used 56132K, capacity 57559K, committed 57724K, reserved 1099776K
  class space    used 7615K, capacity 8092K, committed 8140K, reserved 1048576K
}
Event: 54.132 GC heap before
{Heap before GC invocations=40 (full 0):
 garbage-first heap   total 102400K, used 81686K [0x0000000080000000, 0x0000000100000000)
  region size 1024K, 23 young (23552K), 2 survivors (2048K)
 Metaspace       used 58059K, capacity 59571K, committed 59772K, reserved 1101824K
  class space    used 7871K, capacity 8384K, committed 8396K, reserved 1048576K
}
Event: 54.153 GC heap after
{Heap after GC invocations=41 (full 0):
 garbage-first heap   total 102400K, used 61757K [0x0000000080000000, 0x0000000100000000)
  region size 1024K, 3 young (3072K), 3 survivors (3072K)
 Metaspace       used 58059K, capacity 59571K, committed 59772K, reserved 1101824K
  class space    used 7871K, capacity 8384K, committed 8396K, reserved 1048576K
}

